[2022-06-03 19:12:11,321: INFO] Loading custom parameter generator from '/usr/WS1/jones289/hd-cuda-master/hdpy/hdpy/fsl/maestro/HD_postera_study_pgen.py'
[2022-06-03 19:12:12,278: INFO] INFO Logging Level -- Enabled
[2022-06-03 19:12:12,278: WARNING] WARNING Logging Level -- Enabled
[2022-06-03 19:12:12,279: CRITICAL] CRITICAL Logging Level -- Enabled
[2022-06-03 19:12:12,281: INFO] 
------------------------------------------
Submission attempts =       1
Submission throttle limit = 0
Use temporary directory =   False
Tmp Dir = 
------------------------------------------
[2022-06-03 19:12:12,281: INFO] 
==================================================
name: HD_experiments
description: run HDC experiments on various configurations.
==================================================

[2022-06-03 19:12:12,282: INFO] 
==================================================
Constructing parameter study 'HD_experiments'
==================================================

[2022-06-03 19:12:12,282: INFO] 
==================================================
Processing step '_source'
==================================================

[2022-06-03 19:12:12,283: INFO] Encountered '_source'. Adding and continuing.
[2022-06-03 19:12:12,283: INFO] 
==================================================
Processing step 'postera'
==================================================

[2022-06-03 19:12:12,284: INFO] 
==================================================
Expanding step 'postera'
==================================================
-------- Used Parameters --------
{'FEAT'}
---------------------------------
[2022-06-03 19:12:12,284: INFO] 
**********************************
Combo [TARGET.mpro.FEAT.ecfp]
**********************************
[2022-06-03 19:12:12,284: INFO] Searching for workspaces...
cmd = 
cd /usr/WS1/jones289/hd-cuda-master/hdpy/hdpy/fsl

DATA_DIR=datasets/postera/ecfp
python experiment_single_classifier.py --dataset postera --out_csv results/postera/ecfp_test_results.csv --n_problems 30 --support_path ${DATA_DIR}/train.npy --query_path ${DATA_DIR}/test.npy 

[2022-06-03 19:12:12,285: INFO] New cmd = 
cd /usr/WS1/jones289/hd-cuda-master/hdpy/hdpy/fsl

DATA_DIR=datasets/postera/ecfp
python experiment_single_classifier.py --dataset postera --out_csv results/postera/ecfp_test_results.csv --n_problems 30 --support_path ${DATA_DIR}/train.npy --query_path ${DATA_DIR}/test.npy 

[2022-06-03 19:12:12,285: INFO] 
**********************************
Combo [TARGET.mpro.FEAT.smiles_to_seq]
**********************************
[2022-06-03 19:12:12,286: INFO] Searching for workspaces...
cmd = 
cd /usr/WS1/jones289/hd-cuda-master/hdpy/hdpy/fsl

DATA_DIR=datasets/postera/smiles_to_seq
python experiment_single_classifier.py --dataset postera --out_csv results/postera/smiles_to_seq_test_results.csv --n_problems 30 --support_path ${DATA_DIR}/train.npy --query_path ${DATA_DIR}/test.npy 

[2022-06-03 19:12:12,286: INFO] New cmd = 
cd /usr/WS1/jones289/hd-cuda-master/hdpy/hdpy/fsl

DATA_DIR=datasets/postera/smiles_to_seq
python experiment_single_classifier.py --dataset postera --out_csv results/postera/smiles_to_seq_test_results.csv --n_problems 30 --support_path ${DATA_DIR}/train.npy --query_path ${DATA_DIR}/test.npy 

[2022-06-03 19:12:12,287: INFO] 
**********************************
Combo [TARGET.mpro.FEAT.smiles_to_image]
**********************************
[2022-06-03 19:12:12,287: INFO] Searching for workspaces...
cmd = 
cd /usr/WS1/jones289/hd-cuda-master/hdpy/hdpy/fsl

DATA_DIR=datasets/postera/smiles_to_image
python experiment_single_classifier.py --dataset postera --out_csv results/postera/smiles_to_image_test_results.csv --n_problems 30 --support_path ${DATA_DIR}/train.npy --query_path ${DATA_DIR}/test.npy 

[2022-06-03 19:12:12,288: INFO] New cmd = 
cd /usr/WS1/jones289/hd-cuda-master/hdpy/hdpy/fsl

DATA_DIR=datasets/postera/smiles_to_image
python experiment_single_classifier.py --dataset postera --out_csv results/postera/smiles_to_image_test_results.csv --n_problems 30 --support_path ${DATA_DIR}/train.npy --query_path ${DATA_DIR}/test.npy 

[2022-06-03 19:12:12,289: INFO] 
**********************************
Combo [TARGET.mpro.FEAT.mordred]
**********************************
[2022-06-03 19:12:12,289: INFO] Searching for workspaces...
cmd = 
cd /usr/WS1/jones289/hd-cuda-master/hdpy/hdpy/fsl

DATA_DIR=datasets/postera/mordred
python experiment_single_classifier.py --dataset postera --out_csv results/postera/mordred_test_results.csv --n_problems 30 --support_path ${DATA_DIR}/train.npy --query_path ${DATA_DIR}/test.npy 

[2022-06-03 19:12:12,290: INFO] New cmd = 
cd /usr/WS1/jones289/hd-cuda-master/hdpy/hdpy/fsl

DATA_DIR=datasets/postera/mordred
python experiment_single_classifier.py --dataset postera --out_csv results/postera/mordred_test_results.csv --n_problems 30 --support_path ${DATA_DIR}/train.npy --query_path ${DATA_DIR}/test.npy 

[2022-06-03 19:12:12,290: INFO] 
**********************************
Combo [TARGET.mpro.FEAT.maacs]
**********************************
[2022-06-03 19:12:12,291: INFO] Searching for workspaces...
cmd = 
cd /usr/WS1/jones289/hd-cuda-master/hdpy/hdpy/fsl

DATA_DIR=datasets/postera/maacs
python experiment_single_classifier.py --dataset postera --out_csv results/postera/maacs_test_results.csv --n_problems 30 --support_path ${DATA_DIR}/train.npy --query_path ${DATA_DIR}/test.npy 

[2022-06-03 19:12:12,291: INFO] New cmd = 
cd /usr/WS1/jones289/hd-cuda-master/hdpy/hdpy/fsl

DATA_DIR=datasets/postera/maacs
python experiment_single_classifier.py --dataset postera --out_csv results/postera/maacs_test_results.csv --n_problems 30 --support_path ${DATA_DIR}/train.npy --query_path ${DATA_DIR}/test.npy 

[2022-06-03 19:12:12,292: INFO] 
**********************************
Combo [TARGET.mpro.FEAT.rdkit]
**********************************
[2022-06-03 19:12:12,292: INFO] Searching for workspaces...
cmd = 
cd /usr/WS1/jones289/hd-cuda-master/hdpy/hdpy/fsl

DATA_DIR=datasets/postera/rdkit
python experiment_single_classifier.py --dataset postera --out_csv results/postera/rdkit_test_results.csv --n_problems 30 --support_path ${DATA_DIR}/train.npy --query_path ${DATA_DIR}/test.npy 

[2022-06-03 19:12:12,293: INFO] New cmd = 
cd /usr/WS1/jones289/hd-cuda-master/hdpy/hdpy/fsl

DATA_DIR=datasets/postera/rdkit
python experiment_single_classifier.py --dataset postera --out_csv results/postera/rdkit_test_results.csv --n_problems 30 --support_path ${DATA_DIR}/train.npy --query_path ${DATA_DIR}/test.npy 

[2022-06-03 19:12:12,294: INFO] Directory does not exist. Creating directories to /usr/WS1/jones289/hd-cuda-master/hdpy/hdpy/fsl/maestro/HD_experiments_20220603-191211/meta
[2022-06-03 19:12:12,298: INFO] Directory does not exist. Creating directories to /usr/WS1/jones289/hd-cuda-master/hdpy/hdpy/fsl/maestro/HD_experiments_20220603-191211/meta/study
[2022-06-03 19:12:12,332: INFO] Checking DAG status at 2022-06-03 19:12:12.332019
[2022-06-03 19:12:12,364: INFO] Jobs found for user 'jones289'.
[2022-06-03 19:12:12,364: INFO] Launching all ready steps...
[2022-06-03 19:12:12,365: INFO] Calling execute for StepRecord 'postera_FEAT.ecfp'
[2022-06-03 19:12:12,366: INFO] Directory does not exist. Creating directories to /usr/WS1/jones289/hd-cuda-master/hdpy/hdpy/fsl/maestro/HD_experiments_20220603-191211/postera/FEAT.ecfp
[2022-06-03 19:12:12,370: INFO] Generating script for postera_FEAT.ecfp into /usr/WS1/jones289/hd-cuda-master/hdpy/hdpy/fsl/maestro/HD_experiments_20220603-191211/postera/FEAT.ecfp
[2022-06-03 19:12:12,370: WARNING] 'post' is not supported -- ommitted.
[2022-06-03 19:12:12,370: WARNING] 'pre' is not supported -- ommitted.
[2022-06-03 19:12:12,370: WARNING] 'restart' is not supported -- ommitted.
[2022-06-03 19:12:12,370: WARNING] 'reservation' is not supported -- ommitted.
[2022-06-03 19:12:12,370: WARNING] 'walltime' is not supported -- ommitted.
[2022-06-03 19:12:12,370: WARNING] 'gpus' is not supported -- ommitted.
[2022-06-03 19:12:12,370: INFO] Scheduling workflow step 'postera_FEAT.ecfp'.
[2022-06-03 19:12:12,373: INFO] Script: /usr/WS1/jones289/hd-cuda-master/hdpy/hdpy/fsl/maestro/HD_experiments_20220603-191211/postera/FEAT.ecfp/postera_FEAT.ecfp.slurm.sh
Restart: None
Scheduled?: True
[2022-06-03 19:12:12,373: INFO] Attempting submission of 'postera_FEAT.ecfp' (attempt 1 of 1)...
[2022-06-03 19:12:12,396: INFO] Submission returned status OK.
[2022-06-03 19:12:12,397: INFO] Calling execute for StepRecord 'postera_FEAT.smiles_to_seq'
[2022-06-03 19:12:12,398: INFO] Directory does not exist. Creating directories to /usr/WS1/jones289/hd-cuda-master/hdpy/hdpy/fsl/maestro/HD_experiments_20220603-191211/postera/FEAT.smiles_to_seq
[2022-06-03 19:12:12,399: INFO] Generating script for postera_FEAT.smiles_to_seq into /usr/WS1/jones289/hd-cuda-master/hdpy/hdpy/fsl/maestro/HD_experiments_20220603-191211/postera/FEAT.smiles_to_seq
[2022-06-03 19:12:12,399: WARNING] 'post' is not supported -- ommitted.
[2022-06-03 19:12:12,399: WARNING] 'pre' is not supported -- ommitted.
[2022-06-03 19:12:12,399: WARNING] 'restart' is not supported -- ommitted.
[2022-06-03 19:12:12,400: WARNING] 'reservation' is not supported -- ommitted.
[2022-06-03 19:12:12,400: WARNING] 'walltime' is not supported -- ommitted.
[2022-06-03 19:12:12,400: WARNING] 'gpus' is not supported -- ommitted.
[2022-06-03 19:12:12,400: INFO] Scheduling workflow step 'postera_FEAT.smiles_to_seq'.
[2022-06-03 19:12:12,402: INFO] Script: /usr/WS1/jones289/hd-cuda-master/hdpy/hdpy/fsl/maestro/HD_experiments_20220603-191211/postera/FEAT.smiles_to_seq/postera_FEAT.smiles_to_seq.slurm.sh
Restart: None
Scheduled?: True
[2022-06-03 19:12:12,402: INFO] Attempting submission of 'postera_FEAT.smiles_to_seq' (attempt 1 of 1)...
[2022-06-03 19:12:12,423: INFO] Submission returned status OK.
[2022-06-03 19:12:12,423: INFO] Calling execute for StepRecord 'postera_FEAT.smiles_to_image'
[2022-06-03 19:12:12,424: INFO] Directory does not exist. Creating directories to /usr/WS1/jones289/hd-cuda-master/hdpy/hdpy/fsl/maestro/HD_experiments_20220603-191211/postera/FEAT.smiles_to_image
[2022-06-03 19:12:12,426: INFO] Generating script for postera_FEAT.smiles_to_image into /usr/WS1/jones289/hd-cuda-master/hdpy/hdpy/fsl/maestro/HD_experiments_20220603-191211/postera/FEAT.smiles_to_image
[2022-06-03 19:12:12,426: WARNING] 'post' is not supported -- ommitted.
[2022-06-03 19:12:12,426: WARNING] 'pre' is not supported -- ommitted.
[2022-06-03 19:12:12,426: WARNING] 'restart' is not supported -- ommitted.
[2022-06-03 19:12:12,427: WARNING] 'reservation' is not supported -- ommitted.
[2022-06-03 19:12:12,427: WARNING] 'walltime' is not supported -- ommitted.
[2022-06-03 19:12:12,427: WARNING] 'gpus' is not supported -- ommitted.
[2022-06-03 19:12:12,427: INFO] Scheduling workflow step 'postera_FEAT.smiles_to_image'.
[2022-06-03 19:12:12,429: INFO] Script: /usr/WS1/jones289/hd-cuda-master/hdpy/hdpy/fsl/maestro/HD_experiments_20220603-191211/postera/FEAT.smiles_to_image/postera_FEAT.smiles_to_image.slurm.sh
Restart: None
Scheduled?: True
[2022-06-03 19:12:12,429: INFO] Attempting submission of 'postera_FEAT.smiles_to_image' (attempt 1 of 1)...
[2022-06-03 19:12:12,480: INFO] Submission returned status OK.
[2022-06-03 19:12:12,480: INFO] Calling execute for StepRecord 'postera_FEAT.mordred'
[2022-06-03 19:12:12,481: INFO] Directory does not exist. Creating directories to /usr/WS1/jones289/hd-cuda-master/hdpy/hdpy/fsl/maestro/HD_experiments_20220603-191211/postera/FEAT.mordred
[2022-06-03 19:12:12,483: INFO] Generating script for postera_FEAT.mordred into /usr/WS1/jones289/hd-cuda-master/hdpy/hdpy/fsl/maestro/HD_experiments_20220603-191211/postera/FEAT.mordred
[2022-06-03 19:12:12,483: WARNING] 'post' is not supported -- ommitted.
[2022-06-03 19:12:12,483: WARNING] 'pre' is not supported -- ommitted.
[2022-06-03 19:12:12,483: WARNING] 'restart' is not supported -- ommitted.
[2022-06-03 19:12:12,483: WARNING] 'reservation' is not supported -- ommitted.
[2022-06-03 19:12:12,483: WARNING] 'walltime' is not supported -- ommitted.
[2022-06-03 19:12:12,483: WARNING] 'gpus' is not supported -- ommitted.
[2022-06-03 19:12:12,483: INFO] Scheduling workflow step 'postera_FEAT.mordred'.
[2022-06-03 19:12:12,485: INFO] Script: /usr/WS1/jones289/hd-cuda-master/hdpy/hdpy/fsl/maestro/HD_experiments_20220603-191211/postera/FEAT.mordred/postera_FEAT.mordred.slurm.sh
Restart: None
Scheduled?: True
[2022-06-03 19:12:12,485: INFO] Attempting submission of 'postera_FEAT.mordred' (attempt 1 of 1)...
[2022-06-03 19:12:12,509: INFO] Submission returned status OK.
[2022-06-03 19:12:12,509: INFO] Calling execute for StepRecord 'postera_FEAT.maacs'
[2022-06-03 19:12:12,510: INFO] Directory does not exist. Creating directories to /usr/WS1/jones289/hd-cuda-master/hdpy/hdpy/fsl/maestro/HD_experiments_20220603-191211/postera/FEAT.maacs
[2022-06-03 19:12:12,511: INFO] Generating script for postera_FEAT.maacs into /usr/WS1/jones289/hd-cuda-master/hdpy/hdpy/fsl/maestro/HD_experiments_20220603-191211/postera/FEAT.maacs
[2022-06-03 19:12:12,511: WARNING] 'post' is not supported -- ommitted.
[2022-06-03 19:12:12,512: WARNING] 'pre' is not supported -- ommitted.
[2022-06-03 19:12:12,512: WARNING] 'restart' is not supported -- ommitted.
[2022-06-03 19:12:12,512: WARNING] 'reservation' is not supported -- ommitted.
[2022-06-03 19:12:12,512: WARNING] 'walltime' is not supported -- ommitted.
[2022-06-03 19:12:12,512: WARNING] 'gpus' is not supported -- ommitted.
[2022-06-03 19:12:12,512: INFO] Scheduling workflow step 'postera_FEAT.maacs'.
[2022-06-03 19:12:12,514: INFO] Script: /usr/WS1/jones289/hd-cuda-master/hdpy/hdpy/fsl/maestro/HD_experiments_20220603-191211/postera/FEAT.maacs/postera_FEAT.maacs.slurm.sh
Restart: None
Scheduled?: True
[2022-06-03 19:12:12,514: INFO] Attempting submission of 'postera_FEAT.maacs' (attempt 1 of 1)...
[2022-06-03 19:12:12,535: INFO] Submission returned status OK.
[2022-06-03 19:12:12,536: INFO] Calling execute for StepRecord 'postera_FEAT.rdkit'
[2022-06-03 19:12:12,537: INFO] Directory does not exist. Creating directories to /usr/WS1/jones289/hd-cuda-master/hdpy/hdpy/fsl/maestro/HD_experiments_20220603-191211/postera/FEAT.rdkit
[2022-06-03 19:12:12,537: INFO] Generating script for postera_FEAT.rdkit into /usr/WS1/jones289/hd-cuda-master/hdpy/hdpy/fsl/maestro/HD_experiments_20220603-191211/postera/FEAT.rdkit
[2022-06-03 19:12:12,537: WARNING] 'post' is not supported -- ommitted.
[2022-06-03 19:12:12,538: WARNING] 'pre' is not supported -- ommitted.
[2022-06-03 19:12:12,538: WARNING] 'restart' is not supported -- ommitted.
[2022-06-03 19:12:12,538: WARNING] 'reservation' is not supported -- ommitted.
[2022-06-03 19:12:12,538: WARNING] 'walltime' is not supported -- ommitted.
[2022-06-03 19:12:12,538: WARNING] 'gpus' is not supported -- ommitted.
[2022-06-03 19:12:12,538: INFO] Scheduling workflow step 'postera_FEAT.rdkit'.
[2022-06-03 19:12:12,540: INFO] Script: /usr/WS1/jones289/hd-cuda-master/hdpy/hdpy/fsl/maestro/HD_experiments_20220603-191211/postera/FEAT.rdkit/postera_FEAT.rdkit.slurm.sh
Restart: None
Scheduled?: True
[2022-06-03 19:12:12,540: INFO] Attempting submission of 'postera_FEAT.rdkit' (attempt 1 of 1)...
[2022-06-03 19:12:12,561: INFO] Submission returned status OK.
[2022-06-03 19:13:12,631: INFO] Checking DAG status at 2022-06-03 19:13:12.630990
[2022-06-03 19:13:12,662: INFO] Jobs found for user 'jones289'.
[2022-06-03 19:13:12,662: INFO] Step '%s' found to be running.
[2022-06-03 19:13:12,663: INFO] Step '%s' found to be running.
[2022-06-03 19:13:12,664: INFO] Step '%s' found to be running.
[2022-06-03 19:13:12,664: INFO] Step '%s' found to be running.
[2022-06-03 19:13:12,665: INFO] Step '%s' found to be running.
[2022-06-03 19:13:12,665: INFO] Step '%s' found to be running.
[2022-06-03 19:13:12,666: INFO] Launching all ready steps...
[2022-06-03 19:14:12,737: INFO] Checking DAG status at 2022-06-03 19:14:12.737588
[2022-06-03 19:14:12,770: INFO] Jobs found for user 'jones289'.
[2022-06-03 19:14:12,770: INFO] Step '%s' found to be running.
[2022-06-03 19:14:12,771: INFO] Step '%s' found to be running.
[2022-06-03 19:14:12,772: INFO] Step '%s' found to be running.
[2022-06-03 19:14:12,773: INFO] Step '%s' found to be running.
[2022-06-03 19:14:12,773: INFO] Step '%s' found to be running.
[2022-06-03 19:14:12,774: INFO] Step '%s' found to be running.
[2022-06-03 19:14:12,775: INFO] Launching all ready steps...
[2022-06-03 19:15:12,817: INFO] Checking DAG status at 2022-06-03 19:15:12.817114
[2022-06-03 19:15:12,850: INFO] Jobs found for user 'jones289'.
[2022-06-03 19:15:12,850: INFO] Step '%s' found to be running.
[2022-06-03 19:15:12,851: INFO] Step '%s' found to be running.
[2022-06-03 19:15:12,851: INFO] Step '%s' found to be running.
[2022-06-03 19:15:12,852: INFO] Step '%s' found to be running.
[2022-06-03 19:15:12,852: INFO] Step '%s' found to be running.
[2022-06-03 19:15:12,853: INFO] Step '%s' found to be running.
[2022-06-03 19:15:12,853: INFO] Launching all ready steps...
[2022-06-03 19:16:12,919: INFO] Checking DAG status at 2022-06-03 19:16:12.919406
[2022-06-03 19:16:12,952: INFO] Jobs found for user 'jones289'.
[2022-06-03 19:16:12,952: INFO] Step '%s' found to be running.
[2022-06-03 19:16:12,953: INFO] Step '%s' found to be running.
[2022-06-03 19:16:12,953: INFO] Step '%s' found to be running.
[2022-06-03 19:16:12,954: INFO] Step '%s' found to be running.
[2022-06-03 19:16:12,954: INFO] Step '%s' found to be running.
[2022-06-03 19:16:12,955: INFO] Launching all ready steps...
[2022-06-03 19:17:13,027: INFO] Checking DAG status at 2022-06-03 19:17:13.027003
[2022-06-03 19:17:13,053: INFO] Jobs found for user 'jones289'.
[2022-06-03 19:17:13,054: INFO] Step '%s' found to be running.
[2022-06-03 19:17:13,054: INFO] Step '%s' found to be running.
[2022-06-03 19:17:13,055: INFO] Step '%s' found to be running.
[2022-06-03 19:17:13,056: INFO] Step 'postera_FEAT.maacs' marked as finished. Adding to complete set.
[2022-06-03 19:17:13,056: INFO] Step '%s' found to be running.
[2022-06-03 19:17:13,057: INFO] Launching all ready steps...
[2022-06-03 19:18:13,098: INFO] Checking DAG status at 2022-06-03 19:18:13.098538
[2022-06-03 19:18:13,125: INFO] Jobs found for user 'jones289'.
[2022-06-03 19:18:13,125: INFO] Step '%s' found to be running.
[2022-06-03 19:18:13,125: INFO] Step '%s' found to be running.
[2022-06-03 19:18:13,126: INFO] Step 'postera_FEAT.smiles_to_seq' marked as finished. Adding to complete set.
[2022-06-03 19:18:13,127: INFO] Step 'postera_FEAT.rdkit' marked as finished. Adding to complete set.
[2022-06-03 19:18:13,127: INFO] Launching all ready steps...
[2022-06-03 19:19:13,175: INFO] Checking DAG status at 2022-06-03 19:19:13.175201
[2022-06-03 19:19:13,201: INFO] Jobs found for user 'jones289'.
[2022-06-03 19:19:13,201: INFO] Step '%s' found to be running.
[2022-06-03 19:19:13,201: INFO] Step 'postera_FEAT.ecfp' marked as finished. Adding to complete set.
[2022-06-03 19:19:13,202: INFO] Launching all ready steps...
[2022-06-03 19:20:13,271: INFO] Checking DAG status at 2022-06-03 19:20:13.271766
[2022-06-03 19:20:13,298: INFO] Jobs found for user 'jones289'.
[2022-06-03 19:20:13,298: INFO] Step 'postera_FEAT.mordred' marked as finished. Adding to complete set.
[2022-06-03 19:20:13,298: INFO] Step '%s' found to be running.
[2022-06-03 19:20:13,298: INFO] Launching all ready steps...
[2022-06-03 19:21:13,358: INFO] Checking DAG status at 2022-06-03 19:21:13.358390
[2022-06-03 19:21:13,386: INFO] Jobs found for user 'jones289'.
[2022-06-03 19:21:13,386: INFO] Step '%s' found to be running.
[2022-06-03 19:21:13,387: INFO] Launching all ready steps...
[2022-06-03 19:22:13,400: INFO] Checking DAG status at 2022-06-03 19:22:13.400345
[2022-06-03 19:22:13,425: INFO] Jobs found for user 'jones289'.
[2022-06-03 19:22:13,425: INFO] Step '%s' found to be running.
[2022-06-03 19:22:13,425: INFO] Launching all ready steps...
[2022-06-03 19:23:13,484: INFO] Checking DAG status at 2022-06-03 19:23:13.484496
[2022-06-03 19:23:13,508: INFO] Jobs found for user 'jones289'.
[2022-06-03 19:23:13,508: INFO] Step '%s' found to be running.
[2022-06-03 19:23:13,509: INFO] Launching all ready steps...
[2022-06-03 19:24:13,553: INFO] Checking DAG status at 2022-06-03 19:24:13.553181
[2022-06-03 19:24:13,577: INFO] Jobs found for user 'jones289'.
[2022-06-03 19:24:13,577: INFO] Step '%s' found to be running.
[2022-06-03 19:24:13,578: INFO] Launching all ready steps...
[2022-06-03 19:25:13,649: INFO] Checking DAG status at 2022-06-03 19:25:13.649556
[2022-06-03 19:25:13,680: INFO] Jobs found for user 'jones289'.
[2022-06-03 19:25:13,680: INFO] Step '%s' found to be running.
[2022-06-03 19:25:13,681: INFO] Launching all ready steps...
[2022-06-03 19:26:13,752: INFO] Checking DAG status at 2022-06-03 19:26:13.752050
[2022-06-03 19:26:13,777: INFO] Jobs found for user 'jones289'.
[2022-06-03 19:26:13,777: INFO] Step 'postera_FEAT.smiles_to_image' marked as finished. Adding to complete set.
[2022-06-03 19:26:13,777: INFO] Launching all ready steps...
[2022-06-03 19:26:13,778: INFO] 'HD_experiments' is complete. Returning.
[2022-06-03 19:26:13,786: INFO] Study completed with state 'StudyStatus.FINISHED'.
[2022-06-03 19:26:13,787: INFO] Study exiting, cleaning up...
[2022-06-03 19:26:13,787: INFO] Squeaky clean!
