[2022-06-02 16:37:01,285: INFO] Loading custom parameter generator from '/usr/WS1/jones289/hd-cuda-master/hdpy/hdpy/fsl/maestro/HD_postera_study_pgen.py'
[2022-06-02 16:37:02,604: INFO] INFO Logging Level -- Enabled
[2022-06-02 16:37:02,604: WARNING] WARNING Logging Level -- Enabled
[2022-06-02 16:37:02,604: CRITICAL] CRITICAL Logging Level -- Enabled
[2022-06-02 16:37:02,605: INFO] 
------------------------------------------
Submission attempts =       1
Submission throttle limit = 0
Use temporary directory =   False
Tmp Dir = 
------------------------------------------
[2022-06-02 16:37:02,606: INFO] 
==================================================
name: HD_experiments
description: run HDC experiments on various configurations.
==================================================

[2022-06-02 16:37:02,606: INFO] 
==================================================
Constructing parameter study 'HD_experiments'
==================================================

[2022-06-02 16:37:02,606: INFO] 
==================================================
Processing step '_source'
==================================================

[2022-06-02 16:37:02,606: INFO] Encountered '_source'. Adding and continuing.
[2022-06-02 16:37:02,606: INFO] 
==================================================
Processing step 'postera'
==================================================

[2022-06-02 16:37:02,606: INFO] 
==================================================
Expanding step 'postera'
==================================================
-------- Used Parameters --------
{'FEAT'}
---------------------------------
[2022-06-02 16:37:02,606: INFO] 
**********************************
Combo [TARGET.mpro.FEAT.ecfp]
**********************************
[2022-06-02 16:37:02,606: INFO] Searching for workspaces...
cmd = 
cd /usr/WS1/jones289/hd-cuda-master/hdpy/hdpy/fsl

DATA_DIR=datasets/postera/ecfp
python experiment_single_classifier.py --dataset postera --out_csv results/postera/ecfp_test_results.csv --n_problems 30 --support_path ${DATA_DIR}/train.npy --query_path ${DATA_DIR}/test.npy --kquery -1

[2022-06-02 16:37:02,606: INFO] New cmd = 
cd /usr/WS1/jones289/hd-cuda-master/hdpy/hdpy/fsl

DATA_DIR=datasets/postera/ecfp
python experiment_single_classifier.py --dataset postera --out_csv results/postera/ecfp_test_results.csv --n_problems 30 --support_path ${DATA_DIR}/train.npy --query_path ${DATA_DIR}/test.npy --kquery -1

[2022-06-02 16:37:02,606: INFO] 
**********************************
Combo [TARGET.mpro.FEAT.smiles_to_seq]
**********************************
[2022-06-02 16:37:02,607: INFO] Searching for workspaces...
cmd = 
cd /usr/WS1/jones289/hd-cuda-master/hdpy/hdpy/fsl

DATA_DIR=datasets/postera/smiles_to_seq
python experiment_single_classifier.py --dataset postera --out_csv results/postera/smiles_to_seq_test_results.csv --n_problems 30 --support_path ${DATA_DIR}/train.npy --query_path ${DATA_DIR}/test.npy --kquery -1

[2022-06-02 16:37:02,607: INFO] New cmd = 
cd /usr/WS1/jones289/hd-cuda-master/hdpy/hdpy/fsl

DATA_DIR=datasets/postera/smiles_to_seq
python experiment_single_classifier.py --dataset postera --out_csv results/postera/smiles_to_seq_test_results.csv --n_problems 30 --support_path ${DATA_DIR}/train.npy --query_path ${DATA_DIR}/test.npy --kquery -1

[2022-06-02 16:37:02,607: INFO] 
**********************************
Combo [TARGET.mpro.FEAT.smiles_to_image]
**********************************
[2022-06-02 16:37:02,607: INFO] Searching for workspaces...
cmd = 
cd /usr/WS1/jones289/hd-cuda-master/hdpy/hdpy/fsl

DATA_DIR=datasets/postera/smiles_to_image
python experiment_single_classifier.py --dataset postera --out_csv results/postera/smiles_to_image_test_results.csv --n_problems 30 --support_path ${DATA_DIR}/train.npy --query_path ${DATA_DIR}/test.npy --kquery -1

[2022-06-02 16:37:02,607: INFO] New cmd = 
cd /usr/WS1/jones289/hd-cuda-master/hdpy/hdpy/fsl

DATA_DIR=datasets/postera/smiles_to_image
python experiment_single_classifier.py --dataset postera --out_csv results/postera/smiles_to_image_test_results.csv --n_problems 30 --support_path ${DATA_DIR}/train.npy --query_path ${DATA_DIR}/test.npy --kquery -1

[2022-06-02 16:37:02,607: INFO] 
**********************************
Combo [TARGET.mpro.FEAT.mordred]
**********************************
[2022-06-02 16:37:02,607: INFO] Searching for workspaces...
cmd = 
cd /usr/WS1/jones289/hd-cuda-master/hdpy/hdpy/fsl

DATA_DIR=datasets/postera/mordred
python experiment_single_classifier.py --dataset postera --out_csv results/postera/mordred_test_results.csv --n_problems 30 --support_path ${DATA_DIR}/train.npy --query_path ${DATA_DIR}/test.npy --kquery -1

[2022-06-02 16:37:02,607: INFO] New cmd = 
cd /usr/WS1/jones289/hd-cuda-master/hdpy/hdpy/fsl

DATA_DIR=datasets/postera/mordred
python experiment_single_classifier.py --dataset postera --out_csv results/postera/mordred_test_results.csv --n_problems 30 --support_path ${DATA_DIR}/train.npy --query_path ${DATA_DIR}/test.npy --kquery -1

[2022-06-02 16:37:02,607: INFO] 
**********************************
Combo [TARGET.mpro.FEAT.maacs]
**********************************
[2022-06-02 16:37:02,607: INFO] Searching for workspaces...
cmd = 
cd /usr/WS1/jones289/hd-cuda-master/hdpy/hdpy/fsl

DATA_DIR=datasets/postera/maacs
python experiment_single_classifier.py --dataset postera --out_csv results/postera/maacs_test_results.csv --n_problems 30 --support_path ${DATA_DIR}/train.npy --query_path ${DATA_DIR}/test.npy --kquery -1

[2022-06-02 16:37:02,607: INFO] New cmd = 
cd /usr/WS1/jones289/hd-cuda-master/hdpy/hdpy/fsl

DATA_DIR=datasets/postera/maacs
python experiment_single_classifier.py --dataset postera --out_csv results/postera/maacs_test_results.csv --n_problems 30 --support_path ${DATA_DIR}/train.npy --query_path ${DATA_DIR}/test.npy --kquery -1

[2022-06-02 16:37:02,607: INFO] 
**********************************
Combo [TARGET.mpro.FEAT.rdkit]
**********************************
[2022-06-02 16:37:02,607: INFO] Searching for workspaces...
cmd = 
cd /usr/WS1/jones289/hd-cuda-master/hdpy/hdpy/fsl

DATA_DIR=datasets/postera/rdkit
python experiment_single_classifier.py --dataset postera --out_csv results/postera/rdkit_test_results.csv --n_problems 30 --support_path ${DATA_DIR}/train.npy --query_path ${DATA_DIR}/test.npy --kquery -1

[2022-06-02 16:37:02,608: INFO] New cmd = 
cd /usr/WS1/jones289/hd-cuda-master/hdpy/hdpy/fsl

DATA_DIR=datasets/postera/rdkit
python experiment_single_classifier.py --dataset postera --out_csv results/postera/rdkit_test_results.csv --n_problems 30 --support_path ${DATA_DIR}/train.npy --query_path ${DATA_DIR}/test.npy --kquery -1

[2022-06-02 16:37:02,608: INFO] Directory does not exist. Creating directories to /usr/WS1/jones289/hd-cuda-master/hdpy/hdpy/fsl/maestro/HD_experiments_20220602-163701/meta
[2022-06-02 16:37:02,611: INFO] Directory does not exist. Creating directories to /usr/WS1/jones289/hd-cuda-master/hdpy/hdpy/fsl/maestro/HD_experiments_20220602-163701/meta/study
[2022-06-02 16:37:02,660: INFO] Checking DAG status at 2022-06-02 16:37:02.660650
[2022-06-02 16:37:02,676: INFO] Jobs found for user 'jones289'.
[2022-06-02 16:37:02,677: INFO] Launching all ready steps...
[2022-06-02 16:37:02,677: INFO] Calling execute for StepRecord 'postera_FEAT.ecfp'
[2022-06-02 16:37:02,677: INFO] Directory does not exist. Creating directories to /usr/WS1/jones289/hd-cuda-master/hdpy/hdpy/fsl/maestro/HD_experiments_20220602-163701/postera/FEAT.ecfp
[2022-06-02 16:37:02,707: INFO] Generating script for postera_FEAT.ecfp into /usr/WS1/jones289/hd-cuda-master/hdpy/hdpy/fsl/maestro/HD_experiments_20220602-163701/postera/FEAT.ecfp
[2022-06-02 16:37:02,707: WARNING] 'gpus' is not supported -- ommitted.
[2022-06-02 16:37:02,707: WARNING] 'post' is not supported -- ommitted.
[2022-06-02 16:37:02,707: WARNING] 'pre' is not supported -- ommitted.
[2022-06-02 16:37:02,707: WARNING] 'restart' is not supported -- ommitted.
[2022-06-02 16:37:02,707: WARNING] 'walltime' is not supported -- ommitted.
[2022-06-02 16:37:02,707: WARNING] 'reservation' is not supported -- ommitted.
[2022-06-02 16:37:02,707: INFO] Scheduling workflow step 'postera_FEAT.ecfp'.
[2022-06-02 16:37:02,710: INFO] Script: /usr/WS1/jones289/hd-cuda-master/hdpy/hdpy/fsl/maestro/HD_experiments_20220602-163701/postera/FEAT.ecfp/postera_FEAT.ecfp.slurm.sh
Restart: None
Scheduled?: True
[2022-06-02 16:37:02,710: INFO] Attempting submission of 'postera_FEAT.ecfp' (attempt 1 of 1)...
[2022-06-02 16:37:02,733: INFO] Submission returned status OK.
[2022-06-02 16:37:02,733: INFO] Calling execute for StepRecord 'postera_FEAT.smiles_to_seq'
[2022-06-02 16:37:02,737: INFO] Directory does not exist. Creating directories to /usr/WS1/jones289/hd-cuda-master/hdpy/hdpy/fsl/maestro/HD_experiments_20220602-163701/postera/FEAT.smiles_to_seq
[2022-06-02 16:37:02,740: INFO] Generating script for postera_FEAT.smiles_to_seq into /usr/WS1/jones289/hd-cuda-master/hdpy/hdpy/fsl/maestro/HD_experiments_20220602-163701/postera/FEAT.smiles_to_seq
[2022-06-02 16:37:02,740: WARNING] 'gpus' is not supported -- ommitted.
[2022-06-02 16:37:02,740: WARNING] 'post' is not supported -- ommitted.
[2022-06-02 16:37:02,740: WARNING] 'pre' is not supported -- ommitted.
[2022-06-02 16:37:02,741: WARNING] 'restart' is not supported -- ommitted.
[2022-06-02 16:37:02,741: WARNING] 'walltime' is not supported -- ommitted.
[2022-06-02 16:37:02,741: WARNING] 'reservation' is not supported -- ommitted.
[2022-06-02 16:37:02,741: INFO] Scheduling workflow step 'postera_FEAT.smiles_to_seq'.
[2022-06-02 16:37:02,744: INFO] Script: /usr/WS1/jones289/hd-cuda-master/hdpy/hdpy/fsl/maestro/HD_experiments_20220602-163701/postera/FEAT.smiles_to_seq/postera_FEAT.smiles_to_seq.slurm.sh
Restart: None
Scheduled?: True
[2022-06-02 16:37:02,744: INFO] Attempting submission of 'postera_FEAT.smiles_to_seq' (attempt 1 of 1)...
[2022-06-02 16:37:02,764: INFO] Submission returned status OK.
[2022-06-02 16:37:02,765: INFO] Calling execute for StepRecord 'postera_FEAT.smiles_to_image'
[2022-06-02 16:37:02,766: INFO] Directory does not exist. Creating directories to /usr/WS1/jones289/hd-cuda-master/hdpy/hdpy/fsl/maestro/HD_experiments_20220602-163701/postera/FEAT.smiles_to_image
[2022-06-02 16:37:02,769: INFO] Generating script for postera_FEAT.smiles_to_image into /usr/WS1/jones289/hd-cuda-master/hdpy/hdpy/fsl/maestro/HD_experiments_20220602-163701/postera/FEAT.smiles_to_image
[2022-06-02 16:37:02,769: WARNING] 'gpus' is not supported -- ommitted.
[2022-06-02 16:37:02,769: WARNING] 'post' is not supported -- ommitted.
[2022-06-02 16:37:02,769: WARNING] 'pre' is not supported -- ommitted.
[2022-06-02 16:37:02,769: WARNING] 'restart' is not supported -- ommitted.
[2022-06-02 16:37:02,769: WARNING] 'walltime' is not supported -- ommitted.
[2022-06-02 16:37:02,769: WARNING] 'reservation' is not supported -- ommitted.
[2022-06-02 16:37:02,769: INFO] Scheduling workflow step 'postera_FEAT.smiles_to_image'.
[2022-06-02 16:37:02,773: INFO] Script: /usr/WS1/jones289/hd-cuda-master/hdpy/hdpy/fsl/maestro/HD_experiments_20220602-163701/postera/FEAT.smiles_to_image/postera_FEAT.smiles_to_image.slurm.sh
Restart: None
Scheduled?: True
[2022-06-02 16:37:02,773: INFO] Attempting submission of 'postera_FEAT.smiles_to_image' (attempt 1 of 1)...
[2022-06-02 16:37:02,800: INFO] Submission returned status OK.
[2022-06-02 16:37:02,801: INFO] Calling execute for StepRecord 'postera_FEAT.mordred'
[2022-06-02 16:37:02,802: INFO] Directory does not exist. Creating directories to /usr/WS1/jones289/hd-cuda-master/hdpy/hdpy/fsl/maestro/HD_experiments_20220602-163701/postera/FEAT.mordred
[2022-06-02 16:37:02,806: INFO] Generating script for postera_FEAT.mordred into /usr/WS1/jones289/hd-cuda-master/hdpy/hdpy/fsl/maestro/HD_experiments_20220602-163701/postera/FEAT.mordred
[2022-06-02 16:37:02,806: WARNING] 'gpus' is not supported -- ommitted.
[2022-06-02 16:37:02,806: WARNING] 'post' is not supported -- ommitted.
[2022-06-02 16:37:02,806: WARNING] 'pre' is not supported -- ommitted.
[2022-06-02 16:37:02,806: WARNING] 'restart' is not supported -- ommitted.
[2022-06-02 16:37:02,806: WARNING] 'walltime' is not supported -- ommitted.
[2022-06-02 16:37:02,806: WARNING] 'reservation' is not supported -- ommitted.
[2022-06-02 16:37:02,806: INFO] Scheduling workflow step 'postera_FEAT.mordred'.
[2022-06-02 16:37:02,811: INFO] Script: /usr/WS1/jones289/hd-cuda-master/hdpy/hdpy/fsl/maestro/HD_experiments_20220602-163701/postera/FEAT.mordred/postera_FEAT.mordred.slurm.sh
Restart: None
Scheduled?: True
[2022-06-02 16:37:02,811: INFO] Attempting submission of 'postera_FEAT.mordred' (attempt 1 of 1)...
[2022-06-02 16:37:02,832: INFO] Submission returned status OK.
[2022-06-02 16:37:02,832: INFO] Calling execute for StepRecord 'postera_FEAT.maacs'
[2022-06-02 16:37:02,833: INFO] Directory does not exist. Creating directories to /usr/WS1/jones289/hd-cuda-master/hdpy/hdpy/fsl/maestro/HD_experiments_20220602-163701/postera/FEAT.maacs
[2022-06-02 16:37:02,834: INFO] Generating script for postera_FEAT.maacs into /usr/WS1/jones289/hd-cuda-master/hdpy/hdpy/fsl/maestro/HD_experiments_20220602-163701/postera/FEAT.maacs
[2022-06-02 16:37:02,834: WARNING] 'gpus' is not supported -- ommitted.
[2022-06-02 16:37:02,834: WARNING] 'post' is not supported -- ommitted.
[2022-06-02 16:37:02,834: WARNING] 'pre' is not supported -- ommitted.
[2022-06-02 16:37:02,834: WARNING] 'restart' is not supported -- ommitted.
[2022-06-02 16:37:02,834: WARNING] 'walltime' is not supported -- ommitted.
[2022-06-02 16:37:02,834: WARNING] 'reservation' is not supported -- ommitted.
[2022-06-02 16:37:02,834: INFO] Scheduling workflow step 'postera_FEAT.maacs'.
[2022-06-02 16:37:02,839: INFO] Script: /usr/WS1/jones289/hd-cuda-master/hdpy/hdpy/fsl/maestro/HD_experiments_20220602-163701/postera/FEAT.maacs/postera_FEAT.maacs.slurm.sh
Restart: None
Scheduled?: True
[2022-06-02 16:37:02,839: INFO] Attempting submission of 'postera_FEAT.maacs' (attempt 1 of 1)...
[2022-06-02 16:37:02,861: INFO] Submission returned status OK.
[2022-06-02 16:37:02,861: INFO] Calling execute for StepRecord 'postera_FEAT.rdkit'
[2022-06-02 16:37:02,862: INFO] Directory does not exist. Creating directories to /usr/WS1/jones289/hd-cuda-master/hdpy/hdpy/fsl/maestro/HD_experiments_20220602-163701/postera/FEAT.rdkit
[2022-06-02 16:37:02,864: INFO] Generating script for postera_FEAT.rdkit into /usr/WS1/jones289/hd-cuda-master/hdpy/hdpy/fsl/maestro/HD_experiments_20220602-163701/postera/FEAT.rdkit
[2022-06-02 16:37:02,864: WARNING] 'gpus' is not supported -- ommitted.
[2022-06-02 16:37:02,864: WARNING] 'post' is not supported -- ommitted.
[2022-06-02 16:37:02,864: WARNING] 'pre' is not supported -- ommitted.
[2022-06-02 16:37:02,864: WARNING] 'restart' is not supported -- ommitted.
[2022-06-02 16:37:02,864: WARNING] 'walltime' is not supported -- ommitted.
[2022-06-02 16:37:02,864: WARNING] 'reservation' is not supported -- ommitted.
[2022-06-02 16:37:02,864: INFO] Scheduling workflow step 'postera_FEAT.rdkit'.
[2022-06-02 16:37:02,868: INFO] Script: /usr/WS1/jones289/hd-cuda-master/hdpy/hdpy/fsl/maestro/HD_experiments_20220602-163701/postera/FEAT.rdkit/postera_FEAT.rdkit.slurm.sh
Restart: None
Scheduled?: True
[2022-06-02 16:37:02,868: INFO] Attempting submission of 'postera_FEAT.rdkit' (attempt 1 of 1)...
[2022-06-02 16:37:02,889: INFO] Submission returned status OK.
[2022-06-02 16:38:02,969: INFO] Checking DAG status at 2022-06-02 16:38:02.969200
[2022-06-02 16:38:02,984: INFO] Jobs found for user 'jones289'.
[2022-06-02 16:38:02,985: INFO] Step '%s' found to be running.
[2022-06-02 16:38:02,985: INFO] Step '%s' found to be running.
[2022-06-02 16:38:02,985: INFO] Step '%s' found to be running.
[2022-06-02 16:38:02,985: INFO] Step '%s' found to be running.
[2022-06-02 16:38:02,985: INFO] Step '%s' found to be running.
[2022-06-02 16:38:02,985: INFO] Step '%s' found to be running.
[2022-06-02 16:38:02,985: INFO] Launching all ready steps...
[2022-06-02 16:39:03,054: INFO] Checking DAG status at 2022-06-02 16:39:03.054645
[2022-06-02 16:39:03,070: INFO] Jobs found for user 'jones289'.
[2022-06-02 16:39:03,071: INFO] Step '%s' found to be running.
[2022-06-02 16:39:03,071: INFO] Step '%s' found to be running.
[2022-06-02 16:39:03,071: INFO] Step '%s' found to be running.
[2022-06-02 16:39:03,071: INFO] Step '%s' found to be running.
[2022-06-02 16:39:03,071: INFO] Step '%s' found to be running.
[2022-06-02 16:39:03,071: INFO] Step '%s' found to be running.
[2022-06-02 16:39:03,071: INFO] Launching all ready steps...
[2022-06-02 16:40:03,140: INFO] Checking DAG status at 2022-06-02 16:40:03.140314
[2022-06-02 16:40:03,154: INFO] Jobs found for user 'jones289'.
[2022-06-02 16:40:03,154: INFO] Step '%s' found to be running.
[2022-06-02 16:40:03,154: INFO] Step '%s' found to be running.
[2022-06-02 16:40:03,154: INFO] Step '%s' found to be running.
[2022-06-02 16:40:03,154: INFO] Step '%s' found to be running.
[2022-06-02 16:40:03,154: INFO] Step '%s' found to be running.
[2022-06-02 16:40:03,154: INFO] Step '%s' found to be running.
[2022-06-02 16:40:03,154: INFO] Launching all ready steps...
[2022-06-02 16:41:03,224: INFO] Checking DAG status at 2022-06-02 16:41:03.223994
[2022-06-02 16:41:03,241: INFO] Jobs found for user 'jones289'.
[2022-06-02 16:41:03,242: INFO] Step '%s' found to be running.
[2022-06-02 16:41:03,242: INFO] Step '%s' found to be running.
[2022-06-02 16:41:03,242: INFO] Step '%s' found to be running.
[2022-06-02 16:41:03,242: INFO] Step '%s' found to be running.
[2022-06-02 16:41:03,242: INFO] Step '%s' found to be running.
[2022-06-02 16:41:03,242: INFO] Step '%s' found to be running.
[2022-06-02 16:41:03,242: INFO] Launching all ready steps...
[2022-06-02 16:42:03,312: INFO] Checking DAG status at 2022-06-02 16:42:03.312824
[2022-06-02 16:42:03,328: INFO] Jobs found for user 'jones289'.
[2022-06-02 16:42:03,329: INFO] Step '%s' found to be running.
[2022-06-02 16:42:03,329: INFO] Step '%s' found to be running.
[2022-06-02 16:42:03,329: INFO] Step '%s' found to be running.
[2022-06-02 16:42:03,329: INFO] Step 'postera_FEAT.maacs' marked as finished. Adding to complete set.
[2022-06-02 16:42:03,329: INFO] Launching all ready steps...
[2022-06-02 16:43:03,405: INFO] Checking DAG status at 2022-06-02 16:43:03.405496
[2022-06-02 16:43:03,421: INFO] Jobs found for user 'jones289'.
[2022-06-02 16:43:03,421: INFO] Step '%s' found to be running.
[2022-06-02 16:43:03,421: INFO] Step 'postera_FEAT.rdkit' marked as finished. Adding to complete set.
[2022-06-02 16:43:03,421: INFO] Step '%s' found to be running.
[2022-06-02 16:43:03,421: INFO] Step 'postera_FEAT.ecfp' marked as finished. Adding to complete set.
[2022-06-02 16:43:03,421: INFO] Step 'postera_FEAT.smiles_to_seq' marked as finished. Adding to complete set.
[2022-06-02 16:43:03,421: INFO] Launching all ready steps...
[2022-06-02 16:44:03,490: INFO] Checking DAG status at 2022-06-02 16:44:03.490838
[2022-06-02 16:44:03,506: INFO] Jobs found for user 'jones289'.
[2022-06-02 16:44:03,506: INFO] Step '%s' found to be running.
[2022-06-02 16:44:03,507: INFO] Launching all ready steps...
[2022-06-02 16:45:03,578: INFO] Checking DAG status at 2022-06-02 16:45:03.578070
[2022-06-02 16:45:03,592: INFO] Jobs found for user 'jones289'.
[2022-06-02 16:45:03,593: INFO] Step '%s' found to be running.
[2022-06-02 16:45:03,593: INFO] Step 'postera_FEAT.mordred' marked as finished. Adding to complete set.
[2022-06-02 16:45:03,593: INFO] Launching all ready steps...
[2022-06-02 16:46:03,663: INFO] Checking DAG status at 2022-06-02 16:46:03.663387
[2022-06-02 16:46:03,677: INFO] Jobs found for user 'jones289'.
[2022-06-02 16:46:03,678: INFO] Step '%s' found to be running.
[2022-06-02 16:46:03,678: INFO] Launching all ready steps...
[2022-06-02 16:47:03,748: INFO] Checking DAG status at 2022-06-02 16:47:03.748424
[2022-06-02 16:47:03,763: INFO] Jobs found for user 'jones289'.
[2022-06-02 16:47:03,763: INFO] Step '%s' found to be running.
[2022-06-02 16:47:03,763: INFO] Launching all ready steps...
[2022-06-02 16:48:03,833: INFO] Checking DAG status at 2022-06-02 16:48:03.833261
[2022-06-02 16:48:03,848: INFO] Jobs found for user 'jones289'.
[2022-06-02 16:48:03,848: INFO] Step '%s' found to be running.
[2022-06-02 16:48:03,848: INFO] Launching all ready steps...
[2022-06-02 16:49:03,918: INFO] Checking DAG status at 2022-06-02 16:49:03.918318
[2022-06-02 16:49:03,933: INFO] Jobs found for user 'jones289'.
[2022-06-02 16:49:03,933: INFO] Step '%s' found to be running.
[2022-06-02 16:49:03,933: INFO] Launching all ready steps...
[2022-06-02 16:50:04,005: INFO] Checking DAG status at 2022-06-02 16:50:04.005262
[2022-06-02 16:50:04,022: INFO] Jobs found for user 'jones289'.
[2022-06-02 16:50:04,022: INFO] Step '%s' found to be running.
[2022-06-02 16:50:04,022: INFO] Launching all ready steps...
[2022-06-02 16:51:04,957: INFO] Checking DAG status at 2022-06-02 16:51:04.956988
[2022-06-02 16:51:04,971: INFO] Jobs found for user 'jones289'.
[2022-06-02 16:51:04,971: INFO] Step 'postera_FEAT.smiles_to_image' marked as finished. Adding to complete set.
[2022-06-02 16:51:04,971: INFO] Launching all ready steps...
[2022-06-02 16:51:04,971: INFO] 'HD_experiments' is complete. Returning.
[2022-06-02 16:51:04,980: INFO] Study completed with state 'StudyStatus.FINISHED'.
[2022-06-02 16:51:04,980: INFO] Study exiting, cleaning up...
[2022-06-02 16:51:04,980: INFO] Squeaky clean!
